2022-04-19 20:42:29.725  INFO 10864 --- [main] com.example.project.ProjectApplication   : Starting ProjectApplication using Java 1.8.0_241 on DESKTOP-34OK3AB with PID 10864 (D:\0-YEAR4\InividualProject\project\target\classes started by zhuling in D:\0-YEAR4\InividualProject\project)
2022-04-19 20:42:29.732  INFO 10864 --- [main] com.example.project.ProjectApplication   : No active profile set, falling back to default profiles: default
2022-04-19 20:42:31.129  WARN 10864 --- [main] o.m.s.mapper.ClassPathMapperScanner      : Skipping MapperFactoryBean with name 'departmentMapper' and 'com.example.project.mapper.DepartmentMapper' mapperInterface. Bean already defined with the same name!
2022-04-19 20:42:31.130  WARN 10864 --- [main] o.m.s.mapper.ClassPathMapperScanner      : Skipping MapperFactoryBean with name 'employeeMapper' and 'com.example.project.mapper.EmployeeMapper' mapperInterface. Bean already defined with the same name!
2022-04-19 20:42:31.130  WARN 10864 --- [main] o.m.s.mapper.ClassPathMapperScanner      : Skipping MapperFactoryBean with name 'faceMapper' and 'com.example.project.mapper.FaceMapper' mapperInterface. Bean already defined with the same name!
2022-04-19 20:42:31.130  WARN 10864 --- [main] o.m.s.mapper.ClassPathMapperScanner      : Skipping MapperFactoryBean with name 'managerMapper' and 'com.example.project.mapper.ManagerMapper' mapperInterface. Bean already defined with the same name!
2022-04-19 20:42:31.131  WARN 10864 --- [main] o.m.s.mapper.ClassPathMapperScanner      : Skipping MapperFactoryBean with name 'recordMapper' and 'com.example.project.mapper.RecordMapper' mapperInterface. Bean already defined with the same name!
2022-04-19 20:42:31.131  WARN 10864 --- [main] o.m.s.mapper.ClassPathMapperScanner      : Skipping MapperFactoryBean with name 'regulationMapper' and 'com.example.project.mapper.RegulationMapper' mapperInterface. Bean already defined with the same name!
2022-04-19 20:42:31.131  WARN 10864 --- [main] o.m.s.mapper.ClassPathMapperScanner      : No MyBatis mapper was found in '[com.example.project]' package. Please check your configuration.
2022-04-19 20:42:31.391  INFO 10864 --- [main] trationDelegate$BeanPostProcessorChecker : Bean 'org.springframework.ws.config.annotation.DelegatingWsConfiguration' of type [org.springframework.ws.config.annotation.DelegatingWsConfiguration$$EnhancerBySpringCGLIB$$e691eaa3] is not eligible for getting processed by all BeanPostProcessors (for example: not eligible for auto-proxying)
2022-04-19 20:42:31.496  INFO 10864 --- [main] .w.s.a.s.AnnotationActionEndpointMapping : Supporting [WS-Addressing August 2004, WS-Addressing 1.0]
2022-04-19 20:42:31.865  INFO 10864 --- [main] o.s.b.w.embedded.tomcat.TomcatWebServer  : Tomcat initialized with port(s): 8081 (http)
2022-04-19 20:42:31.879  INFO 10864 --- [main] o.a.coyote.http11.Http11NioProtocol      : Initializing ProtocolHandler ["http-nio-8081"]
2022-04-19 20:42:31.880  INFO 10864 --- [main] o.apache.catalina.core.StandardService   : Starting service [Tomcat]
2022-04-19 20:42:31.881  INFO 10864 --- [main] org.apache.catalina.core.StandardEngine  : Starting Servlet engine: [Apache Tomcat/9.0.39]
2022-04-19 20:42:31.883  INFO 10864 --- [main] o.a.catalina.core.AprLifecycleListener   : Loaded Apache Tomcat Native library [1.2.31] using APR version [1.7.0].
2022-04-19 20:42:31.884  INFO 10864 --- [main] o.a.catalina.core.AprLifecycleListener   : APR capabilities: IPv6 [true], sendfile [true], accept filters [false], random [true].
2022-04-19 20:42:31.884  INFO 10864 --- [main] o.a.catalina.core.AprLifecycleListener   : APR/OpenSSL configuration: useAprConnector [false], useOpenSSL [true]
2022-04-19 20:42:31.908  INFO 10864 --- [main] o.a.catalina.core.AprLifecycleListener   : OpenSSL successfully initialized [OpenSSL 1.1.1l  24 Aug 2021]
2022-04-19 20:42:32.038  INFO 10864 --- [main] o.a.c.c.C.[Tomcat].[localhost].[/]       : Initializing Spring embedded WebApplicationContext
2022-04-19 20:42:32.039  INFO 10864 --- [main] w.s.c.ServletWebServerApplicationContext : Root WebApplicationContext: initialization completed in 2203 ms
2022-04-19 20:42:33.034  INFO 10864 --- [main] o.s.s.concurrent.ThreadPoolTaskExecutor  : Initializing ExecutorService 'applicationTaskExecutor'
2022-04-19 20:42:33.187  INFO 10864 --- [main] o.s.b.a.w.s.WelcomePageHandlerMapping    : Adding welcome page template: index
2022-04-19 20:42:33.473  INFO 10864 --- [main] t.m.m.autoconfigure.MapperCacheDisabler  : Clear tk.mybatis.mapper.util.MsUtil CLASS_CACHE cache.
2022-04-19 20:42:33.475  INFO 10864 --- [main] t.m.m.autoconfigure.MapperCacheDisabler  : Clear tk.mybatis.mapper.genid.GenIdUtil CACHE cache.
2022-04-19 20:42:33.476  INFO 10864 --- [main] t.m.m.autoconfigure.MapperCacheDisabler  : Clear tk.mybatis.mapper.version.VersionUtil CACHE cache.
2022-04-19 20:42:33.479  INFO 10864 --- [main] t.m.m.autoconfigure.MapperCacheDisabler  : Clear EntityHelper entityTableMap cache.
2022-04-19 20:42:33.696  INFO 10864 --- [main] o.a.coyote.http11.Http11NioProtocol      : Starting ProtocolHandler ["http-nio-8081"]
2022-04-19 20:42:33.749  INFO 10864 --- [main] o.s.b.w.embedded.tomcat.TomcatWebServer  : Tomcat started on port(s): 8081 (http) with context path ''
2022-04-19 20:42:33.785  INFO 10864 --- [main] com.example.project.ProjectApplication   : Started ProjectApplication in 5.02 seconds (JVM running for 7.175)
2022-04-19 20:44:04.942  INFO 10864 --- [http-nio-8081-exec-1] o.a.c.c.C.[Tomcat].[localhost].[/]       : Initializing Spring DispatcherServlet 'dispatcherServlet'
2022-04-19 20:44:04.942  INFO 10864 --- [http-nio-8081-exec-1] o.s.web.servlet.DispatcherServlet        : Initializing Servlet 'dispatcherServlet'
2022-04-19 20:44:04.945  INFO 10864 --- [http-nio-8081-exec-1] o.s.web.servlet.DispatcherServlet        : Completed initialization in 3 ms
2022-04-19 20:44:05.660  INFO 10864 --- [http-nio-8081-exec-10] com.alibaba.druid.pool.DruidDataSource   : {dataSource-1} inited
2022-04-19 20:44:06.932  INFO 10864 --- [http-nio-8081-exec-10] c.e.project.controller.SearchController  : administrator search the records
2022-04-19 20:44:06.932  INFO 10864 --- [http-nio-8081-exec-1] c.e.p.controller.EmployeeController      : administrator search the employee information
2022-04-19 20:44:28.589  INFO 10864 --- [http-nio-8081-exec-3] c.e.project.controller.SearchController  : administrator search the records
2022-04-19 20:45:20.146  INFO 10864 --- [http-nio-8081-exec-8] c.e.project.controller.SearchController  : administrator search the records
2022-04-19 20:45:59.328  INFO 10864 --- [http-nio-8081-exec-9] c.e.project.controller.SearchController  : administrator search the records
2022-04-19 20:47:43.929  INFO 10864 --- [http-nio-8081-exec-2] c.e.project.controller.SearchController  : administrator search the records
2022-04-19 20:55:19.289  INFO 10864 --- [SpringContextShutdownHook] o.s.s.concurrent.ThreadPoolTaskExecutor  : Shutting down ExecutorService 'applicationTaskExecutor'
2022-04-19 20:55:19.291  INFO 10864 --- [SpringContextShutdownHook] com.alibaba.druid.pool.DruidDataSource   : {dataSource-1} closing ...
2022-04-19 20:55:19.303  INFO 10864 --- [SpringContextShutdownHook] com.alibaba.druid.pool.DruidDataSource   : {dataSource-1} closed
2022-04-19 20:55:26.007  INFO 12264 --- [main] com.example.project.ProjectApplication   : Starting ProjectApplication using Java 1.8.0_241 on DESKTOP-34OK3AB with PID 12264 (D:\0-YEAR4\InividualProject\project\target\classes started by zhuling in D:\0-YEAR4\InividualProject\project)
2022-04-19 20:55:26.012  INFO 12264 --- [main] com.example.project.ProjectApplication   : No active profile set, falling back to default profiles: default
2022-04-19 20:55:27.145  WARN 12264 --- [main] o.m.s.mapper.ClassPathMapperScanner      : Skipping MapperFactoryBean with name 'departmentMapper' and 'com.example.project.mapper.DepartmentMapper' mapperInterface. Bean already defined with the same name!
2022-04-19 20:55:27.145  WARN 12264 --- [main] o.m.s.mapper.ClassPathMapperScanner      : Skipping MapperFactoryBean with name 'employeeMapper' and 'com.example.project.mapper.EmployeeMapper' mapperInterface. Bean already defined with the same name!
2022-04-19 20:55:27.146  WARN 12264 --- [main] o.m.s.mapper.ClassPathMapperScanner      : Skipping MapperFactoryBean with name 'faceMapper' and 'com.example.project.mapper.FaceMapper' mapperInterface. Bean already defined with the same name!
2022-04-19 20:55:27.146  WARN 12264 --- [main] o.m.s.mapper.ClassPathMapperScanner      : Skipping MapperFactoryBean with name 'managerMapper' and 'com.example.project.mapper.ManagerMapper' mapperInterface. Bean already defined with the same name!
2022-04-19 20:55:27.146  WARN 12264 --- [main] o.m.s.mapper.ClassPathMapperScanner      : Skipping MapperFactoryBean with name 'recordMapper' and 'com.example.project.mapper.RecordMapper' mapperInterface. Bean already defined with the same name!
2022-04-19 20:55:27.146  WARN 12264 --- [main] o.m.s.mapper.ClassPathMapperScanner      : Skipping MapperFactoryBean with name 'regulationMapper' and 'com.example.project.mapper.RegulationMapper' mapperInterface. Bean already defined with the same name!
2022-04-19 20:55:27.147  WARN 12264 --- [main] o.m.s.mapper.ClassPathMapperScanner      : No MyBatis mapper was found in '[com.example.project]' package. Please check your configuration.
2022-04-19 20:55:27.338  INFO 12264 --- [main] trationDelegate$BeanPostProcessorChecker : Bean 'org.springframework.ws.config.annotation.DelegatingWsConfiguration' of type [org.springframework.ws.config.annotation.DelegatingWsConfiguration$$EnhancerBySpringCGLIB$$1039f5b8] is not eligible for getting processed by all BeanPostProcessors (for example: not eligible for auto-proxying)
2022-04-19 20:55:27.386  INFO 12264 --- [main] .w.s.a.s.AnnotationActionEndpointMapping : Supporting [WS-Addressing August 2004, WS-Addressing 1.0]
2022-04-19 20:55:27.768  INFO 12264 --- [main] o.s.b.w.embedded.tomcat.TomcatWebServer  : Tomcat initialized with port(s): 8081 (http)
2022-04-19 20:55:27.784  INFO 12264 --- [main] o.a.coyote.http11.Http11NioProtocol      : Initializing ProtocolHandler ["http-nio-8081"]
2022-04-19 20:55:27.786  INFO 12264 --- [main] o.apache.catalina.core.StandardService   : Starting service [Tomcat]
2022-04-19 20:55:27.787  INFO 12264 --- [main] org.apache.catalina.core.StandardEngine  : Starting Servlet engine: [Apache Tomcat/9.0.39]
2022-04-19 20:55:27.789  INFO 12264 --- [main] o.a.catalina.core.AprLifecycleListener   : Loaded Apache Tomcat Native library [1.2.31] using APR version [1.7.0].
2022-04-19 20:55:27.790  INFO 12264 --- [main] o.a.catalina.core.AprLifecycleListener   : APR capabilities: IPv6 [true], sendfile [true], accept filters [false], random [true].
2022-04-19 20:55:27.791  INFO 12264 --- [main] o.a.catalina.core.AprLifecycleListener   : APR/OpenSSL configuration: useAprConnector [false], useOpenSSL [true]
2022-04-19 20:55:27.796  INFO 12264 --- [main] o.a.catalina.core.AprLifecycleListener   : OpenSSL successfully initialized [OpenSSL 1.1.1l  24 Aug 2021]
2022-04-19 20:55:27.955  INFO 12264 --- [main] o.a.c.c.C.[Tomcat].[localhost].[/]       : Initializing Spring embedded WebApplicationContext
2022-04-19 20:55:27.956  INFO 12264 --- [main] w.s.c.ServletWebServerApplicationContext : Root WebApplicationContext: initialization completed in 1833 ms
2022-04-19 20:55:28.624  INFO 12264 --- [main] o.s.s.concurrent.ThreadPoolTaskExecutor  : Initializing ExecutorService 'applicationTaskExecutor'
2022-04-19 20:55:28.722  INFO 12264 --- [main] o.s.b.a.w.s.WelcomePageHandlerMapping    : Adding welcome page template: index
2022-04-19 20:55:28.883  INFO 12264 --- [main] t.m.m.autoconfigure.MapperCacheDisabler  : Clear tk.mybatis.mapper.util.MsUtil CLASS_CACHE cache.
2022-04-19 20:55:28.884  INFO 12264 --- [main] t.m.m.autoconfigure.MapperCacheDisabler  : Clear tk.mybatis.mapper.genid.GenIdUtil CACHE cache.
2022-04-19 20:55:28.884  INFO 12264 --- [main] t.m.m.autoconfigure.MapperCacheDisabler  : Clear tk.mybatis.mapper.version.VersionUtil CACHE cache.
2022-04-19 20:55:28.887  INFO 12264 --- [main] t.m.m.autoconfigure.MapperCacheDisabler  : Clear EntityHelper entityTableMap cache.
2022-04-19 20:55:29.032  INFO 12264 --- [main] o.a.coyote.http11.Http11NioProtocol      : Starting ProtocolHandler ["http-nio-8081"]
2022-04-19 20:55:29.055  INFO 12264 --- [main] o.s.b.w.embedded.tomcat.TomcatWebServer  : Tomcat started on port(s): 8081 (http) with context path ''
2022-04-19 20:55:29.067  INFO 12264 --- [main] com.example.project.ProjectApplication   : Started ProjectApplication in 4.027 seconds (JVM running for 5.894)
2022-04-19 20:55:35.775  INFO 12264 --- [http-nio-8081-exec-1] o.a.c.c.C.[Tomcat].[localhost].[/]       : Initializing Spring DispatcherServlet 'dispatcherServlet'
2022-04-19 20:55:35.775  INFO 12264 --- [http-nio-8081-exec-1] o.s.web.servlet.DispatcherServlet        : Initializing Servlet 'dispatcherServlet'
2022-04-19 20:55:35.779  INFO 12264 --- [http-nio-8081-exec-1] o.s.web.servlet.DispatcherServlet        : Completed initialization in 2 ms
2022-04-19 20:55:36.395  INFO 12264 --- [http-nio-8081-exec-6] com.alibaba.druid.pool.DruidDataSource   : {dataSource-1} inited
2022-04-19 20:55:37.421  INFO 12264 --- [http-nio-8081-exec-7] c.e.p.controller.EmployeeController      : administrator search the employee information
2022-04-19 20:55:37.421  INFO 12264 --- [http-nio-8081-exec-6] c.e.project.controller.SearchController  : administrator search the records
2022-04-19 20:56:10.118  INFO 12264 --- [http-nio-8081-exec-9] c.e.p.controller.EmployeeController      : administrator search the employee information
2022-04-19 20:56:10.120  INFO 12264 --- [http-nio-8081-exec-3] c.e.project.controller.SearchController  : administrator search the records
2022-04-19 20:58:51.227  INFO 12264 --- [SpringContextShutdownHook] o.s.s.concurrent.ThreadPoolTaskExecutor  : Shutting down ExecutorService 'applicationTaskExecutor'
2022-04-19 20:58:51.229  INFO 12264 --- [SpringContextShutdownHook] com.alibaba.druid.pool.DruidDataSource   : {dataSource-1} closing ...
2022-04-19 20:58:51.238  INFO 12264 --- [SpringContextShutdownHook] com.alibaba.druid.pool.DruidDataSource   : {dataSource-1} closed
